Flow report for BT3
Mon Mar 10 20:25:15 2025
Quartus II 64-Bit Version 13.0.1 Build 232 06/12/2013 Service Pack 1 SJ Web Edition


---------------------
; Table of Contents ;
---------------------
  1. Legal Notice
  2. Flow Summary
  3. Flow Settings
  4. Flow Non-Default Global Settings
  5. Flow Elapsed Time
  6. Flow OS Summary
  7. Flow Log
  8. Flow Messages
  9. Flow Suppressed Messages



----------------
; Legal Notice ;
----------------
Copyright (C) 1991-2013 Altera Corporation
Your use of Altera Corporation's design tools, logic functions 
and other software and tools, and its AMPP partner logic 
functions, and any output files from any of the foregoing 
(including device programming or simulation files), and any 
associated documentation or information are expressly subject 
to the terms and conditions of the Altera Program License 
Subscription Agreement, Altera MegaCore Function License 
Agreement, or other applicable license agreement, including, 
without limitation, that your use is for the sole purpose of 
programming logic devices manufactured by Altera and sold by 
Altera or its authorized distributors.  Please refer to the 
applicable agreement for further details.



+--------------------------------------------------------------------------------------+
; Flow Summary                                                                         ;
+------------------------------------+-------------------------------------------------+
; Flow Status                        ; Successful - Mon Mar 10 20:25:15 2025           ;
; Quartus II 64-Bit Version          ; 13.0.1 Build 232 06/12/2013 SP 1 SJ Web Edition ;
; Revision Name                      ; BT3                                             ;
; Top-level Entity Name              ; BT3                                             ;
; Family                             ; Cyclone II                                      ;
; Total logic elements               ; 5 / 33,216 ( < 1 % )                            ;
;     Total combinational functions  ; 5 / 33,216 ( < 1 % )                            ;
;     Dedicated logic registers      ; 0 / 33,216 ( 0 % )                              ;
; Total registers                    ; 0                                               ;
; Total pins                         ; 6 / 475 ( 1 % )                                 ;
; Total virtual pins                 ; 0                                               ;
; Total memory bits                  ; 0 / 483,840 ( 0 % )                             ;
; Embedded Multiplier 9-bit elements ; 0 / 70 ( 0 % )                                  ;
; Total PLLs                         ; 0 / 4 ( 0 % )                                   ;
; Device                             ; EP2C35F672C6                                    ;
; Timing Models                      ; Final                                           ;
+------------------------------------+-------------------------------------------------+


+-----------------------------------------+
; Flow Settings                           ;
+-------------------+---------------------+
; Option            ; Setting             ;
+-------------------+---------------------+
; Start date & time ; 03/10/2025 18:41:19 ;
; Main task         ; Compilation         ;
; Revision Name     ; BT3                 ;
+-------------------+---------------------+


+---------------------------------------------------------------------------------------------------------------------+
; Flow Non-Default Global Settings                                                                                    ;
+-------------------------------------+--------------------------------+---------------+-------------+----------------+
; Assignment Name                     ; Value                          ; Default Value ; Entity Name ; Section Id     ;
+-------------------------------------+--------------------------------+---------------+-------------+----------------+
; COMPILER_SIGNATURE_ID               ; 80160639225327.174160687903452 ; --            ; --          ; --             ;
; EDA_GENERATE_FUNCTIONAL_NETLIST     ; Off                            ; --            ; --          ; eda_simulation ;
; EDA_OUTPUT_DATA_FORMAT              ; Verilog Hdl                    ; --            ; --          ; eda_simulation ;
; EDA_SIMULATION_TOOL                 ; ModelSim-Altera (Verilog)      ; <None>        ; --          ; --             ;
; EDA_TIME_SCALE                      ; 1 ps                           ; --            ; --          ; eda_simulation ;
; PARTITION_COLOR                     ; 16764057                       ; --            ; --          ; Top            ;
; PARTITION_FITTER_PRESERVATION_LEVEL ; PLACEMENT_AND_ROUTING          ; --            ; --          ; Top            ;
; PARTITION_NETLIST_TYPE              ; SOURCE                         ; --            ; --          ; Top            ;
; PROJECT_OUTPUT_DIRECTORY            ; output_files                   ; --            ; --          ; --             ;
+-------------------------------------+--------------------------------+---------------+-------------+----------------+


+-------------------------------------------------------------------------------------------------------------------------------+
; Flow Elapsed Time                                                                                                             ;
+---------------------------+--------------+-------------------------+---------------------+------------------------------------+
; Module Name               ; Elapsed Time ; Average Processors Used ; Peak Virtual Memory ; Total CPU Time (on all processors) ;
+---------------------------+--------------+-------------------------+---------------------+------------------------------------+
; Analysis & Synthesis      ; 00:00:00     ; 1.0                     ; 4578 MB             ; 00:00:01                           ;
; Fitter                    ; 00:00:03     ; 1.0                     ; 4871 MB             ; 00:00:03                           ;
; Assembler                 ; 00:00:02     ; 1.0                     ; 4556 MB             ; 00:00:01                           ;
; TimeQuest Timing Analyzer ; 00:00:01     ; 1.0                     ; 4536 MB             ; 00:00:01                           ;
; EDA Netlist Writer        ; 00:00:00     ; 1.0                     ; 4508 MB             ; 00:00:00                           ;
; EDA Netlist Writer        ; 00:00:01     ; 1.0                     ; 4515 MB             ; 00:00:00                           ;
; EDA Netlist Writer        ; 00:00:00     ; 1.0                     ; 4515 MB             ; 00:00:00                           ;
; EDA Netlist Writer        ; 00:00:00     ; 1.0                     ; 4515 MB             ; 00:00:00                           ;
; EDA Netlist Writer        ; 00:00:01     ; 1.0                     ; 4515 MB             ; 00:00:00                           ;
; EDA Netlist Writer        ; 00:00:01     ; 1.0                     ; 4515 MB             ; 00:00:00                           ;
; EDA Netlist Writer        ; 00:00:00     ; 1.0                     ; 4515 MB             ; 00:00:00                           ;
; EDA Netlist Writer        ; 00:00:01     ; 1.0                     ; 4515 MB             ; 00:00:00                           ;
; EDA Netlist Writer        ; 00:00:00     ; 1.0                     ; 4515 MB             ; 00:00:00                           ;
; EDA Netlist Writer        ; 00:00:00     ; 1.0                     ; 4515 MB             ; 00:00:00                           ;
; EDA Netlist Writer        ; 00:00:01     ; 1.0                     ; 4515 MB             ; 00:00:00                           ;
; Total                     ; 00:00:11     ; --                      ; --                  ; 00:00:06                           ;
+---------------------------+--------------+-------------------------+---------------------+------------------------------------+


+----------------------------------------------------------------------------------------+
; Flow OS Summary                                                                        ;
+---------------------------+------------------+-----------+------------+----------------+
; Module Name               ; Machine Hostname ; OS Name   ; OS Version ; Processor type ;
+---------------------------+------------------+-----------+------------+----------------+
; Analysis & Synthesis      ; DESKTOP-4CID0OJ  ; Windows 7 ; 6.2        ; x86_64         ;
; Fitter                    ; DESKTOP-4CID0OJ  ; Windows 7 ; 6.2        ; x86_64         ;
; Assembler                 ; DESKTOP-4CID0OJ  ; Windows 7 ; 6.2        ; x86_64         ;
; TimeQuest Timing Analyzer ; DESKTOP-4CID0OJ  ; Windows 7 ; 6.2        ; x86_64         ;
; EDA Netlist Writer        ; DESKTOP-4CID0OJ  ; Windows 7 ; 6.2        ; x86_64         ;
; EDA Netlist Writer        ; DESKTOP-4CID0OJ  ; Windows 7 ; 6.2        ; x86_64         ;
; EDA Netlist Writer        ; DESKTOP-4CID0OJ  ; Windows 7 ; 6.2        ; x86_64         ;
; EDA Netlist Writer        ; DESKTOP-4CID0OJ  ; Windows 7 ; 6.2        ; x86_64         ;
; EDA Netlist Writer        ; DESKTOP-4CID0OJ  ; Windows 7 ; 6.2        ; x86_64         ;
; EDA Netlist Writer        ; DESKTOP-4CID0OJ  ; Windows 7 ; 6.2        ; x86_64         ;
; EDA Netlist Writer        ; DESKTOP-4CID0OJ  ; Windows 7 ; 6.2        ; x86_64         ;
; EDA Netlist Writer        ; DESKTOP-4CID0OJ  ; Windows 7 ; 6.2        ; x86_64         ;
; EDA Netlist Writer        ; DESKTOP-4CID0OJ  ; Windows 7 ; 6.2        ; x86_64         ;
; EDA Netlist Writer        ; DESKTOP-4CID0OJ  ; Windows 7 ; 6.2        ; x86_64         ;
; EDA Netlist Writer        ; DESKTOP-4CID0OJ  ; Windows 7 ; 6.2        ; x86_64         ;
+---------------------------+------------------+-----------+------------+----------------+


------------
; Flow Log ;
------------
quartus_map --read_settings_files=on --write_settings_files=off BT3 -c BT3
quartus_fit --read_settings_files=off --write_settings_files=off BT3 -c BT3
quartus_asm --read_settings_files=off --write_settings_files=off BT3 -c BT3
quartus_sta BT3 -c BT3
quartus_eda --read_settings_files=off --write_settings_files=off BT3 -c BT3
quartus_eda --gen_testbench --check_outputs=on --tool=modelsim_oem --format=verilog BT3 -c BT3 --vector_source=C:/Users/SUS/Desktop/HDL/BT/BT3/Waveform.vwf --testbench_file=./simulation/qsim/BT3.vt
quartus_eda --functional=on --simulation=on --tool=modelsim_oem --format=verilog BT3 -c BT3
quartus_eda --gen_testbench --check_outputs=on --tool=modelsim_oem --format=verilog BT3 -c BT3 --vector_source=C:/Users/SUS/Desktop/HDL/BT/BT3/Waveform.vwf --testbench_file=./simulation/qsim/BT3.vt
quartus_eda --functional=off --timescale=1ps --simulation=on --tool=modelsim_oem --format=verilog BT3 -c BT3
quartus_eda --gen_testbench --check_outputs=on --tool=modelsim_oem --format=verilog BT3 -c BT3 --vector_source=C:/Users/SUS/Desktop/HDL/BT/BT3/Waveform.vwf --testbench_file=./simulation/qsim/BT3.vt
quartus_eda --functional=on --simulation=on --tool=modelsim_oem --format=verilog BT3 -c BT3
quartus_eda --gen_testbench --check_outputs=on --tool=modelsim_oem --format=verilog BT3 -c BT3 --vector_source=C:/Users/SUS/Desktop/HDL/BT/BT3/Waveform.vwf --testbench_file=./simulation/qsim/BT3.vt
quartus_eda --functional=off --timescale=1ps --simulation=on --tool=modelsim_oem --format=verilog BT3 -c BT3
quartus_eda --gen_testbench --check_outputs=on --tool=modelsim_oem --format=verilog BT3 -c BT3 --vector_source=C:/Users/SUS/Desktop/HDL/BT/BT3/Waveform.vwf --testbench_file=./simulation/qsim/BT3.vt
quartus_eda --functional=off --timescale=1ps --simulation=on --tool=modelsim_oem --format=verilog BT3 -c BT3



