Flow report for Bai5_6_7
Fri Jun 13 18:00:54 2025
Quartus II 64-Bit Version 13.0.1 Build 232 06/12/2013 Service Pack 1 SJ Web Edition


---------------------
; Table of Contents ;
---------------------
  1. Legal Notice
  2. Flow Summary
  3. Flow Settings
  4. Flow Non-Default Global Settings
  5. Flow Elapsed Time
  6. Flow OS Summary
  7. Flow Log
  8. Flow Messages
  9. Flow Suppressed Messages



----------------
; Legal Notice ;
----------------
Copyright (C) 1991-2013 Altera Corporation
Your use of Altera Corporation's design tools, logic functions 
and other software and tools, and its AMPP partner logic 
functions, and any output files from any of the foregoing 
(including device programming or simulation files), and any 
associated documentation or information are expressly subject 
to the terms and conditions of the Altera Program License 
Subscription Agreement, Altera MegaCore Function License 
Agreement, or other applicable license agreement, including, 
without limitation, that your use is for the sole purpose of 
programming logic devices manufactured by Altera and sold by 
Altera or its authorized distributors.  Please refer to the 
applicable agreement for further details.



+--------------------------------------------------------------------------------------+
; Flow Summary                                                                         ;
+------------------------------------+-------------------------------------------------+
; Flow Status                        ; Successful - Fri Jun 13 18:00:54 2025           ;
; Quartus II 64-Bit Version          ; 13.0.1 Build 232 06/12/2013 SP 1 SJ Web Edition ;
; Revision Name                      ; Bai5_6_7                                        ;
; Top-level Entity Name              ; SOC                                             ;
; Family                             ; Cyclone II                                      ;
; Total logic elements               ; 707 / 33,216 ( 2 % )                            ;
;     Total combinational functions  ; 589 / 33,216 ( 2 % )                            ;
;     Dedicated logic registers      ; 311 / 33,216 ( < 1 % )                          ;
; Total registers                    ; 311                                             ;
; Total pins                         ; 35 / 475 ( 7 % )                                ;
; Total virtual pins                 ; 0                                               ;
; Total memory bits                  ; 262,160 / 483,840 ( 54 % )                      ;
; Embedded Multiplier 9-bit elements ; 0 / 70 ( 0 % )                                  ;
; Total PLLs                         ; 0 / 4 ( 0 % )                                   ;
; Device                             ; EP2C35F672C6                                    ;
; Timing Models                      ; Final                                           ;
+------------------------------------+-------------------------------------------------+


+-----------------------------------------+
; Flow Settings                           ;
+-------------------+---------------------+
; Option            ; Setting             ;
+-------------------+---------------------+
; Start date & time ; 06/13/2025 17:54:51 ;
; Main task         ; Compilation         ;
; Revision Name     ; Bai5_6_7            ;
+-------------------+---------------------+


+-------------------------------------------------------------------------------------------------------------------+
; Flow Non-Default Global Settings                                                                                  ;
+--------------------------------------+-----------------------------+---------------+-------------+----------------+
; Assignment Name                      ; Value                       ; Default Value ; Entity Name ; Section Id     ;
+--------------------------------------+-----------------------------+---------------+-------------+----------------+
; COMPILER_SIGNATURE_ID                ; 91768197861.174981209127408 ; --            ; --          ; --             ;
; EDA_DESIGN_INSTANCE_NAME             ; NA                          ; --            ; --          ; soc_tb         ;
; EDA_NATIVELINK_SIMULATION_TEST_BENCH ; soc_tb                      ; --            ; --          ; eda_simulation ;
; EDA_OUTPUT_DATA_FORMAT               ; Verilog Hdl                 ; --            ; --          ; eda_simulation ;
; EDA_SIMULATION_TOOL                  ; ModelSim-Altera (Verilog)   ; <None>        ; --          ; --             ;
; EDA_TEST_BENCH_ENABLE_STATUS         ; TEST_BENCH_MODE             ; --            ; --          ; eda_simulation ;
; EDA_TEST_BENCH_FILE                  ; soc_tb.v                    ; --            ; --          ; soc_tb         ;
; EDA_TEST_BENCH_MODULE_NAME           ; soc_tb                      ; --            ; --          ; soc_tb         ;
; EDA_TEST_BENCH_NAME                  ; soc_tb                      ; --            ; --          ; eda_simulation ;
; EDA_TIME_SCALE                       ; 1 ps                        ; --            ; --          ; eda_simulation ;
; PARTITION_COLOR                      ; 16764057                    ; --            ; SOC         ; Top            ;
; PARTITION_FITTER_PRESERVATION_LEVEL  ; PLACEMENT_AND_ROUTING       ; --            ; SOC         ; Top            ;
; PARTITION_NETLIST_TYPE               ; SOURCE                      ; --            ; SOC         ; Top            ;
; PROJECT_OUTPUT_DIRECTORY             ; output_files                ; --            ; --          ; --             ;
; TOP_LEVEL_ENTITY                     ; SOC                         ; Bai5_6_7      ; --          ; --             ;
+--------------------------------------+-----------------------------+---------------+-------------+----------------+


+-------------------------------------------------------------------------------------------------------------------------------+
; Flow Elapsed Time                                                                                                             ;
+---------------------------+--------------+-------------------------+---------------------+------------------------------------+
; Module Name               ; Elapsed Time ; Average Processors Used ; Peak Virtual Memory ; Total CPU Time (on all processors) ;
+---------------------------+--------------+-------------------------+---------------------+------------------------------------+
; Analysis & Synthesis      ; 00:00:04     ; 1.0                     ; 4604 MB             ; 00:00:03                           ;
; Fitter                    ; 00:00:08     ; 1.0                     ; 4894 MB             ; 00:00:06                           ;
; Assembler                 ; 00:00:01     ; 1.0                     ; 4563 MB             ; 00:00:02                           ;
; TimeQuest Timing Analyzer ; 00:00:01     ; 1.0                     ; 4569 MB             ; 00:00:01                           ;
; EDA Netlist Writer        ; 00:00:01     ; 1.0                     ; 4536 MB             ; 00:00:01                           ;
; PowerPlay Power Analyzer  ; 00:00:01     ; 1.0                     ; 4586 MB             ; 00:00:01                           ;
; Total                     ; 00:00:16     ; --                      ; --                  ; 00:00:14                           ;
+---------------------------+--------------+-------------------------+---------------------+------------------------------------+


+----------------------------------------------------------------------------------------+
; Flow OS Summary                                                                        ;
+---------------------------+------------------+-----------+------------+----------------+
; Module Name               ; Machine Hostname ; OS Name   ; OS Version ; Processor type ;
+---------------------------+------------------+-----------+------------+----------------+
; Analysis & Synthesis      ; DESKTOP-4CID0OJ  ; Windows 7 ; 6.2        ; x86_64         ;
; Fitter                    ; DESKTOP-4CID0OJ  ; Windows 7 ; 6.2        ; x86_64         ;
; Assembler                 ; DESKTOP-4CID0OJ  ; Windows 7 ; 6.2        ; x86_64         ;
; TimeQuest Timing Analyzer ; DESKTOP-4CID0OJ  ; Windows 7 ; 6.2        ; x86_64         ;
; EDA Netlist Writer        ; DESKTOP-4CID0OJ  ; Windows 7 ; 6.2        ; x86_64         ;
; PowerPlay Power Analyzer  ; DESKTOP-4CID0OJ  ; Windows 7 ; 6.2        ; x86_64         ;
+---------------------------+------------------+-----------+------------+----------------+


------------
; Flow Log ;
------------
quartus_map --read_settings_files=on --write_settings_files=off Bai5_6_7 -c Bai5_6_7
quartus_fit --read_settings_files=off --write_settings_files=off Bai5_6_7 -c Bai5_6_7
quartus_asm --read_settings_files=off --write_settings_files=off Bai5_6_7 -c Bai5_6_7
quartus_sta Bai5_6_7 -c Bai5_6_7
quartus_eda --read_settings_files=off --write_settings_files=off Bai5_6_7 -c Bai5_6_7
quartus_pow --read_settings_files=on --write_settings_files=off Bai5_6_7 -c Bai5_6_7



